2018-03-21 14:41:12,136 [0x00001bf8] INFO   - xml path: ./config\Command.xml
2018-03-21 14:41:12,177 [0x00001bf8] INFO   - xml path: ./config\clientcfg.xml
2018-03-21 14:41:12,190 [0x00001bf8] INFO   - Parse xml file,ip=47.100.7.224,port=55555
2018-03-21 14:41:12,197 [0x00001bf8] INFO   - Xml file has been loaded, Command.xml
2018-03-21 14:41:12,203 [0x00001bf8] INFO   - id=24,Initailize,libVersion=20171206
2018-03-21 14:41:12,208 [0x00001bf8] INFO   - id=24,client connect to Data Bus Server(47.100.7.224:55555)
2018-03-21 14:41:12,221 [0x00001bf8] INFO   - id=24,connect Server,IP: 47.100.7.224,Port: 55555
2018-03-21 14:41:12,873 [0x00001bf8] INFO   - id=24,error = 0
2018-03-21 14:41:12,876 [0x00001bf8] INFO   - set send buf size :1000000,fd=608
2018-03-21 14:41:12,878 [0x00001bf8] INFO   - set recv buf size :1000000 , fd=608
2018-03-21 14:41:12,881 [0x00001bf8] INFO   - id=24,client connect to Data Bus Server success
2018-03-21 14:41:12,884 [0x00001bf8] INFO   - id=24,Sequence queue: 0X8be6f0,none sequence queue:0X8be730
2018-03-21 14:41:12,889 [0x00001bf8] INFO   - id=24,Thread #4116 has been created to read socket
2018-03-21 14:41:12,893 [0x00001bf8] INFO   - id=24,Thread #432 has been created to send message
2018-03-21 14:41:12,898 [0x00001bf8] INFO   - id=24,Thread #3096 has been created to timeout message
2018-03-21 14:41:12,905 [0x00001bf8] INFO   - id=24,Thread #4664 has been created to process message
2018-03-21 14:41:12,905 [0x00001238] INFO   - id=24,Thread 4664 for sequence message handle
2018-03-21 14:41:12,912 [0x00001bf8] INFO   - id=24,Thread #4572 has been created to process message
2018-03-21 14:41:12,912 [0x000011dc] INFO   - id=24,Thread 4572,queue:0X8be730
2018-03-21 14:41:12,916 [0x00001238] INFO   - id=24,Thread 4664,queue:0X8be6f0
2018-03-21 14:41:12,924 [0x00001bf8] INFO   - id=24,Thread #4544 has been created to process message
2018-03-21 14:41:12,924 [0x000011c0] INFO   - id=24,Thread 4544,queue:0X8be730
2018-03-21 14:41:12,934 [0x00001bf8] INFO   - id=24,Thread #4380 has been created to process message
2018-03-21 14:41:12,934 [0x0000111c] INFO   - id=24,Thread 4380,queue:0X8be730
2018-03-21 14:41:12,940 [0x00001bf8] INFO   - id=24,AppServer appname:HelloServer
2018-03-21 14:41:13,010 [0x00001bf8] INFO   - id=24,AppServer reg:type: 1 name: "HelloServer" group: 1 uuid: "HelloServer" auth: "test" starttime: 1521614472 serviceid: 320 ip: "00000000000000000000000"
2018-03-21 14:41:13,025 [0x000011dc] ERROR  - Failed to get Class name for command:101
2018-03-21 14:41:13,029 [0x000011dc] ERROR  - Parse message failed,package:Publish-serial:0,type:3,cmd:0x65,app:0,funcIdx:101,bodysize:11,src:G2S0A0,dst:G0S0A0,code:0,options:80,seq:0,codeinfo:0
2018-03-21 14:41:13,897 [0x00001bf8] WARN   - id=24,Send message cost too many time(877 ms):Response-serial:1,type:2,cmd:0x3,app:0,funcIdx:3,bodysize:11,src:G2S0A0,dst:G2S0A287,code:0,options:0,seq:0,codeinfo:0,pageno=0,class:MsgExpress.LoginResponse
2018-03-21 14:41:13,906 [0x00001bf8] WARN   - id=24,Login success,time offset=202052 ms,deviation=888 ms,appServer address:G2S0A287
2018-03-21 14:41:13,910 [0x00001bf8] INFO   - id=24,OnEvent:1
2018-03-21 14:41:13,913 [0x00001bf8] INFO   - id=24,Thread #4344 has been created to send heart beat
2018-03-21 14:41:13,913 [0x000010f8] INFO   - id=24,Start heartbeat
2018-03-21 14:41:13,928 [0x00001014] INFO   - Receive heartbeat.
2018-03-21 14:41:13,928 [0x0000111c] INFO   - id=24,Server time compared with broker time,offset=201614 ms,deviation=8 ms
2018-03-21 14:41:23,925 [0x00001014] INFO   - Receive heartbeat.
2018-03-21 14:41:23,925 [0x0000111c] INFO   - id=24,Server time compared with broker time,offset=201613 ms,deviation=5 ms
2018-03-21 14:42:16,863 [0x000019dc] INFO   - xml path: ./config\Command.xml
2018-03-21 14:42:16,881 [0x000019dc] INFO   - xml path: ./config\clientcfg.xml
2018-03-21 14:42:16,889 [0x000019dc] INFO   - Parse xml file,ip=47.100.7.224,port=55555
2018-03-21 14:42:16,894 [0x000019dc] INFO   - Xml file has been loaded, Command.xml
2018-03-21 14:42:16,900 [0x000019dc] INFO   - id=33,Initailize,libVersion=20171206
2018-03-21 14:42:16,909 [0x000019dc] INFO   - id=33,client connect to Data Bus Server(47.100.7.224:55555)
2018-03-21 14:42:16,938 [0x000019dc] INFO   - id=33,connect Server,IP: 47.100.7.224,Port: 55555
2018-03-21 14:42:16,964 [0x000019dc] INFO   - id=33,error = 0
2018-03-21 14:42:16,966 [0x000019dc] INFO   - set send buf size :1000000,fd=604
2018-03-21 14:42:16,969 [0x000019dc] INFO   - set recv buf size :1000000 , fd=604
2018-03-21 14:42:16,972 [0x000019dc] INFO   - id=33,client connect to Data Bus Server success
2018-03-21 14:42:16,976 [0x000019dc] INFO   - id=33,Sequence queue: 0X5fb850,none sequence queue:0X605578
2018-03-21 14:42:16,980 [0x000019dc] INFO   - id=33,Thread #2664 has been created to read socket
2018-03-21 14:42:16,984 [0x000019dc] INFO   - id=33,Thread #2620 has been created to send message
2018-03-21 14:42:16,989 [0x000019dc] INFO   - id=33,Thread #6580 has been created to timeout message
2018-03-21 14:42:16,994 [0x000019dc] INFO   - id=33,Thread #7904 has been created to process message
2018-03-21 14:42:16,994 [0x00001ee0] INFO   - id=33,Thread 7904 for sequence message handle
2018-03-21 14:42:16,998 [0x000019dc] INFO   - id=33,Thread #7180 has been created to process message
2018-03-21 14:42:16,998 [0x00001c0c] INFO   - id=33,Thread 7180,queue:0X605578
2018-03-21 14:42:17,000 [0x00001ee0] INFO   - id=33,Thread 7904,queue:0X5fb850
2018-03-21 14:42:17,005 [0x000019dc] INFO   - id=33,Thread #2688 has been created to process message
2018-03-21 14:42:17,006 [0x00000a80] INFO   - id=33,Thread 2688,queue:0X605578
2018-03-21 14:42:17,015 [0x000019dc] INFO   - id=33,Thread #3192 has been created to process message
2018-03-21 14:42:17,015 [0x00000c78] INFO   - id=33,Thread 3192,queue:0X605578
2018-03-21 14:42:17,020 [0x000019dc] INFO   - id=33,AppServer appname:HelloServer
2018-03-21 14:42:17,041 [0x000019dc] INFO   - id=33,AppServer reg:type: 1 name: "HelloServer" group: 1 uuid: "HelloServer" auth: "test" starttime: 1521614536 serviceid: 320 ip: "00000000000000000000000"
2018-03-21 14:42:17,056 [0x00001c0c] ERROR  - Failed to get Class name for command:101
2018-03-21 14:42:17,060 [0x00001c0c] ERROR  - Parse message failed,package:Publish-serial:0,type:3,cmd:0x65,app:0,funcIdx:101,bodysize:11,src:G2S0A0,dst:G0S0A0,code:0,options:80,seq:0,codeinfo:0
2018-03-21 14:42:17,926 [0x000019dc] WARN   - id=33,Send message cost too many time(877 ms):Response-serial:1,type:2,cmd:0x3,app:0,funcIdx:3,bodysize:11,src:G2S0A0,dst:G2S0A288,code:0,options:0,seq:0,codeinfo:0,pageno=0,class:MsgExpress.LoginResponse
2018-03-21 14:42:17,938 [0x000019dc] WARN   - id=33,Login success,time offset=202062 ms,deviation=889 ms,appServer address:G2S0A288
2018-03-21 14:42:17,943 [0x000019dc] INFO   - id=33,OnEvent:1
2018-03-21 14:42:17,946 [0x000019dc] INFO   - id=33,Thread #1232 has been created to send heart beat
2018-03-21 14:42:17,946 [0x000004d0] INFO   - id=33,Start heartbeat
2018-03-21 14:42:17,959 [0x00000a68] INFO   - Receive heartbeat.
2018-03-21 14:42:17,959 [0x00000c78] INFO   - id=33,Server time compared with broker time,offset=201619 ms,deviation=6 ms
2018-03-21 14:42:27,959 [0x00000a68] INFO   - Receive heartbeat.
2018-03-21 14:42:27,959 [0x00001c0c] INFO   - id=33,Server time compared with broker time,offset=201620 ms,deviation=6 ms
2018-03-21 14:51:48,067 [0x00001a70] INFO   - xml path: F:\mine\testServer\Debug\config\Command.xml
2018-03-21 14:51:48,075 [0x00001a70] INFO   - xml path: F:\mine\testServer\Debug\config\clientcfg.xml
2018-03-21 14:51:48,080 [0x00001a70] INFO   - Parse xml file,ip=47.100.7.224,port=55555
2018-03-21 14:51:48,084 [0x00001a70] INFO   - Xml file has been loaded, Command.xml
2018-03-21 14:51:48,087 [0x00001a70] INFO   - id=1,Initailize,libVersion=20171206
2018-03-21 14:51:48,090 [0x00001a70] INFO   - id=1,client connect to Data Bus Server(47.100.7.224:55555)
2018-03-21 14:51:48,099 [0x00001a70] INFO   - id=1,connect Server,IP: 47.100.7.224,Port: 55555
2018-03-21 14:51:48,114 [0x00001a70] INFO   - id=1,error = 0
2018-03-21 14:51:48,117 [0x00001a70] INFO   - set send buf size :1000000,fd=608
2018-03-21 14:51:48,120 [0x00001a70] INFO   - set recv buf size :1000000 , fd=608
2018-03-21 14:51:48,123 [0x00001a70] INFO   - id=1,client connect to Data Bus Server success
2018-03-21 14:51:48,126 [0x00001a70] INFO   - id=1,Sequence queue: 0X70d6c0,none sequence queue:0X70d700
2018-03-21 14:51:48,131 [0x00001a70] INFO   - id=1,Thread #7528 has been created to read socket
2018-03-21 14:51:48,136 [0x00001a70] INFO   - id=1,Thread #8088 has been created to send message
2018-03-21 14:51:48,140 [0x00001a70] INFO   - id=1,Thread #8044 has been created to timeout message
2018-03-21 14:51:48,145 [0x00001a70] INFO   - id=1,Thread #7788 has been created to process message
2018-03-21 14:51:48,145 [0x00001e6c] INFO   - id=1,Thread 7788 for sequence message handle
2018-03-21 14:51:48,150 [0x00001a70] INFO   - id=1,Thread #7920 has been created to process message
2018-03-21 14:51:48,150 [0x00001ef0] INFO   - id=1,Thread 7920,queue:0X70d700
2018-03-21 14:51:48,152 [0x00001e6c] INFO   - id=1,Thread 7788,queue:0X70d6c0
2018-03-21 14:51:48,157 [0x00001a70] INFO   - id=1,Thread #4236 has been created to process message
2018-03-21 14:51:48,157 [0x0000108c] INFO   - id=1,Thread 4236,queue:0X70d700
2018-03-21 14:51:48,167 [0x00001a70] INFO   - id=1,Thread #4708 has been created to process message
2018-03-21 14:51:48,167 [0x00001264] INFO   - id=1,Thread 4708,queue:0X70d700
2018-03-21 14:51:48,172 [0x00001a70] INFO   - id=1,AppServer appname:HelloServer
2018-03-21 14:51:48,192 [0x00001a70] INFO   - id=1,AppServer reg:type: 1 name: "HelloServer" group: 1 uuid: "HelloServer" auth: "test" starttime: 1521615108 serviceid: 320 ip: "00000000000000000000000"
2018-03-21 14:51:48,846 [0x00001ef0] ERROR  - Failed to get Class name for command:101
2018-03-21 14:51:48,861 [0x00001ef0] ERROR  - Parse message failed,package:Publish-serial:0,type:3,cmd:0x65,app:0,funcIdx:101,bodysize:11,src:G2S0A0,dst:G0S0A0,code:0,options:80,seq:0,codeinfo:0
2018-03-21 14:51:49,882 [0x00001a70] WARN   - id=1,Send message cost too many time(1683 ms):Response-serial:1,type:2,cmd:0x3,app:0,funcIdx:3,bodysize:11,src:G2S0A0,dst:G2S0A289,code:0,options:0,seq:0,codeinfo:0,pageno=0,class:MsgExpress.LoginResponse
2018-03-21 14:51:49,899 [0x00001a70] WARN   - id=1,Login success,time offset=201800 ms,deviation=1700 ms,appServer address:G2S0A289
2018-03-21 14:51:49,904 [0x00001a70] INFO   - id=1,OnEvent:1
2018-03-21 14:51:49,908 [0x00001a70] INFO   - id=1,Thread #5952 has been created to send heart beat
2018-03-21 14:51:49,910 [0x00001740] INFO   - id=1,Start heartbeat
2018-03-21 14:51:49,923 [0x00001d68] INFO   - Receive heartbeat.
2018-03-21 14:51:49,923 [0x00001264] INFO   - id=1,Server time compared with broker time,offset=201594 ms,deviation=5 ms
2018-03-21 14:52:03,260 [0x00001890] INFO   - xml path: F:\mine\testServer\Debug\config\Command.xml
2018-03-21 14:52:03,269 [0x00001890] INFO   - xml path: F:\mine\testServer\Debug\config\clientcfg.xml
2018-03-21 14:52:03,273 [0x00001890] INFO   - Parse xml file,ip=47.100.7.224,port=55555
2018-03-21 14:52:03,277 [0x00001890] INFO   - Xml file has been loaded, Command.xml
2018-03-21 14:52:03,281 [0x00001890] INFO   - id=50,Initailize,libVersion=20171206
2018-03-21 14:52:03,285 [0x00001890] INFO   - id=50,client connect to Data Bus Server(47.100.7.224:55555)
2018-03-21 14:52:03,293 [0x00001890] INFO   - id=50,connect Server,IP: 47.100.7.224,Port: 55555
2018-03-21 14:52:03,853 [0x00001890] INFO   - id=50,error = 0
2018-03-21 14:52:03,864 [0x00001890] INFO   - set send buf size :1000000,fd=608
2018-03-21 14:52:03,874 [0x00001890] INFO   - set recv buf size :1000000 , fd=608
2018-03-21 14:52:03,885 [0x00001890] INFO   - id=50,client connect to Data Bus Server success
2018-03-21 14:52:03,898 [0x00001890] INFO   - id=50,Sequence queue: 0X63d6c0,none sequence queue:0X63d700
2018-03-21 14:52:03,912 [0x00001890] INFO   - id=50,Thread #2796 has been created to read socket
2018-03-21 14:52:03,919 [0x00001890] INFO   - id=50,Thread #3804 has been created to send message
2018-03-21 14:52:03,926 [0x00001890] INFO   - id=50,Thread #7032 has been created to timeout message
2018-03-21 14:52:03,935 [0x00001890] INFO   - id=50,Thread #3172 has been created to process message
2018-03-21 14:52:03,935 [0x00000c64] INFO   - id=50,Thread 3172 for sequence message handle
2018-03-21 14:52:03,943 [0x00001890] INFO   - id=50,Thread #4748 has been created to process message
2018-03-21 14:52:03,943 [0x0000128c] INFO   - id=50,Thread 4748,queue:0X63d700
2018-03-21 14:52:03,948 [0x00000c64] INFO   - id=50,Thread 3172,queue:0X63d6c0
2018-03-21 14:52:03,956 [0x00001890] INFO   - id=50,Thread #1736 has been created to process message
2018-03-21 14:52:03,956 [0x000006c8] INFO   - id=50,Thread 1736,queue:0X63d700
2018-03-21 14:52:03,972 [0x00001890] INFO   - id=50,Thread #7804 has been created to process message
2018-03-21 14:52:03,972 [0x00001e7c] INFO   - id=50,Thread 7804,queue:0X63d700
2018-03-21 14:52:03,979 [0x00001890] INFO   - id=50,AppServer appname:HelloServer
2018-03-21 14:52:03,998 [0x00001890] INFO   - id=50,AppServer reg:type: 1 name: "HelloServer" group: 1 uuid: "HelloServer" auth: "test" starttime: 1521615123 serviceid: 320 ip: "00000000000000000000000"
2018-03-21 14:52:04,010 [0x0000128c] ERROR  - Failed to get Class name for command:101
2018-03-21 14:52:04,014 [0x0000128c] ERROR  - Parse message failed,package:Publish-serial:0,type:3,cmd:0x65,app:0,funcIdx:101,bodysize:11,src:G2S0A0,dst:G0S0A0,code:0,options:80,seq:0,codeinfo:0
2018-03-21 14:52:04,890 [0x00001890] WARN   - id=50,Send message cost too many time(885 ms):Response-serial:1,type:2,cmd:0x3,app:0,funcIdx:3,bodysize:11,src:G2S0A0,dst:G2S0A290,code:0,options:0,seq:0,codeinfo:0,pageno=0,class:MsgExpress.LoginResponse
2018-03-21 14:52:04,909 [0x00001890] WARN   - id=50,Login success,time offset=202042 ms,deviation=904 ms,appServer address:G2S0A290
2018-03-21 14:52:04,916 [0x00001890] INFO   - id=50,OnEvent:1
2018-03-21 14:52:04,920 [0x00001890] INFO   - id=50,Thread #8144 has been created to send heart beat
2018-03-21 14:52:04,923 [0x00001fd0] INFO   - id=50,Start heartbeat
2018-03-21 14:52:04,938 [0x00000aec] INFO   - Receive heartbeat.
2018-03-21 14:52:04,938 [0x00001e7c] INFO   - id=50,Server time compared with broker time,offset=201593 ms,deviation=5 ms
2018-03-21 14:52:17,630 [0x00000660] INFO   - xml path: ./config/Command.xml
2018-03-21 14:52:17,639 [0x00000660] INFO   - xml path: ./config/clientcfg.xml
2018-03-21 14:52:17,642 [0x00000660] INFO   - Parse xml file,ip=47.100.7.224,port=55555
2018-03-21 14:52:17,647 [0x00000660] INFO   - Xml file has been loaded, Command.xml
2018-03-21 14:52:17,651 [0x00000660] INFO   - id=96,Initailize,libVersion=20171206
2018-03-21 14:52:17,656 [0x00000660] INFO   - id=96,client connect to Data Bus Server(47.100.7.224:55555)
2018-03-21 14:52:17,670 [0x00000660] INFO   - id=96,connect Server,IP: 47.100.7.224,Port: 55555
2018-03-21 14:52:17,843 [0x00000660] INFO   - id=96,error = 0
2018-03-21 14:52:17,852 [0x00000660] INFO   - set send buf size :1000000,fd=604
2018-03-21 14:52:17,860 [0x00000660] INFO   - set recv buf size :1000000 , fd=604
2018-03-21 14:52:17,863 [0x00000660] INFO   - id=96,client connect to Data Bus Server success
2018-03-21 14:52:17,866 [0x00000660] INFO   - id=96,Sequence queue: 0X7f1a48,none sequence queue:0X7f1af0
2018-03-21 14:52:17,872 [0x00000660] INFO   - id=96,Thread #2420 has been created to read socket
2018-03-21 14:52:17,877 [0x00000660] INFO   - id=96,Thread #3732 has been created to send message
2018-03-21 14:52:17,882 [0x00000660] INFO   - id=96,Thread #7256 has been created to timeout message
2018-03-21 14:52:17,887 [0x00000660] INFO   - id=96,Thread #4056 has been created to process message
2018-03-21 14:52:17,887 [0x00000fd8] INFO   - id=96,Thread 4056 for sequence message handle
2018-03-21 14:52:17,892 [0x00000660] INFO   - id=96,Thread #3204 has been created to process message
2018-03-21 14:52:17,893 [0x00000c84] INFO   - id=96,Thread 3204,queue:0X7f1af0
2018-03-21 14:52:17,900 [0x00000660] INFO   - id=96,Thread #5160 has been created to process message
2018-03-21 14:52:17,895 [0x00000fd8] INFO   - id=96,Thread 4056,queue:0X7f1a48
2018-03-21 14:52:17,900 [0x00001428] INFO   - id=96,Thread 5160,queue:0X7f1af0
2018-03-21 14:52:17,907 [0x00000660] INFO   - id=96,Thread #3636 has been created to process message
2018-03-21 14:52:17,907 [0x00000e34] INFO   - id=96,Thread 3636,queue:0X7f1af0
2018-03-21 14:52:17,916 [0x00000660] INFO   - id=96,AppServer appname:HelloServer
2018-03-21 14:52:17,937 [0x00000660] INFO   - id=96,AppServer reg:type: 1 name: "HelloServer" group: 1 uuid: "HelloServer" auth: "test" starttime: 1521615137 serviceid: 320 ip: "00000000000000000000000"
2018-03-21 14:52:17,950 [0x00000c84] ERROR  - Failed to get Class name for command:101
2018-03-21 14:52:17,954 [0x00000c84] ERROR  - Parse message failed,package:Publish-serial:0,type:3,cmd:0x65,app:0,funcIdx:101,bodysize:11,src:G2S0A0,dst:G0S0A0,code:0,options:80,seq:0,codeinfo:0
2018-03-21 14:52:18,860 [0x00000660] WARN   - id=96,Send message cost too many time(916 ms):Response-serial:1,type:2,cmd:0x3,app:0,funcIdx:3,bodysize:11,src:G2S0A0,dst:G2S0A291,code:0,options:0,seq:0,codeinfo:0,pageno=0,class:MsgExpress.LoginResponse
2018-03-21 14:52:18,869 [0x00000660] WARN   - id=96,Login success,time offset=202052 ms,deviation=925 ms,appServer address:G2S0A291
2018-03-21 14:52:18,874 [0x00000660] INFO   - id=96,OnEvent:1
2018-03-21 14:52:18,877 [0x00000660] INFO   - id=96,Thread #3232 has been created to send heart beat
2018-03-21 14:52:18,879 [0x00000ca0] INFO   - id=96,Start heartbeat
2018-03-21 14:52:18,896 [0x00000974] INFO   - Receive heartbeat.
2018-03-21 14:52:18,896 [0x00001428] INFO   - id=96,Server time compared with broker time,offset=201592 ms,deviation=6 ms
2018-03-21 14:52:21,853 [0x000005cc] INFO   - xml path: ./config/Command.xml
2018-03-21 14:52:21,860 [0x000005cc] INFO   - xml path: ./config/clientcfg.xml
2018-03-21 14:52:21,864 [0x000005cc] INFO   - Parse xml file,ip=47.100.7.224,port=55555
2018-03-21 14:52:21,867 [0x000005cc] INFO   - Xml file has been loaded, Command.xml
2018-03-21 14:52:21,870 [0x000005cc] INFO   - id=9,Initailize,libVersion=20171206
2018-03-21 14:52:21,873 [0x000005cc] INFO   - id=9,client connect to Data Bus Server(47.100.7.224:55555)
2018-03-21 14:52:21,881 [0x000005cc] INFO   - id=9,connect Server,IP: 47.100.7.224,Port: 55555
2018-03-21 14:52:21,896 [0x000005cc] INFO   - id=9,error = 0
2018-03-21 14:52:21,899 [0x000005cc] INFO   - set send buf size :1000000,fd=608
2018-03-21 14:52:21,901 [0x000005cc] INFO   - set recv buf size :1000000 , fd=608
2018-03-21 14:52:21,904 [0x000005cc] INFO   - id=9,client connect to Data Bus Server success
2018-03-21 14:52:21,907 [0x000005cc] INFO   - id=9,Sequence queue: 0X7ac6c0,none sequence queue:0X7ac700
2018-03-21 14:52:21,912 [0x000005cc] INFO   - id=9,Thread #1612 has been created to read socket
2018-03-21 14:52:21,917 [0x000005cc] INFO   - id=9,Thread #7744 has been created to send message
2018-03-21 14:52:21,921 [0x000005cc] INFO   - id=9,Thread #7596 has been created to timeout message
2018-03-21 14:52:21,925 [0x000005cc] INFO   - id=9,Thread #4020 has been created to process message
2018-03-21 14:52:21,925 [0x00000fb4] INFO   - id=9,Thread 4020 for sequence message handle
2018-03-21 14:52:21,934 [0x00000fb4] INFO   - id=9,Thread 4020,queue:0X7ac6c0
2018-03-21 14:52:21,937 [0x000005cc] INFO   - id=9,Thread #3112 has been created to process message
2018-03-21 14:52:21,937 [0x00000c28] INFO   - id=9,Thread 3112,queue:0X7ac700
2018-03-21 14:52:21,942 [0x000005cc] INFO   - id=9,Thread #4512 has been created to process message
2018-03-21 14:52:21,942 [0x000011a0] INFO   - id=9,Thread 4512,queue:0X7ac700
2018-03-21 14:52:21,950 [0x000005cc] INFO   - id=9,Thread #3852 has been created to process message
2018-03-21 14:52:21,950 [0x00000f0c] INFO   - id=9,Thread 3852,queue:0X7ac700
2018-03-21 14:52:21,955 [0x000005cc] INFO   - id=9,AppServer appname:HelloServer
2018-03-21 14:52:21,975 [0x000005cc] INFO   - id=9,AppServer reg:type: 1 name: "HelloServer" group: 1 uuid: "HelloServer" auth: "test" starttime: 1521615141 serviceid: 320 ip: "00000000000000000000000"
2018-03-21 14:52:21,988 [0x00000c28] ERROR  - Failed to get Class name for command:101
2018-03-21 14:52:21,991 [0x00000c28] ERROR  - Parse message failed,package:Publish-serial:0,type:3,cmd:0x65,app:0,funcIdx:101,bodysize:11,src:G2S0A0,dst:G0S0A0,code:0,options:80,seq:0,codeinfo:0
2018-03-21 14:52:22,865 [0x000005cc] WARN   - id=9,Send message cost too many time(882 ms):Response-serial:1,type:2,cmd:0x3,app:0,funcIdx:3,bodysize:11,src:G2S0A0,dst:G2S0A292,code:0,options:0,seq:0,codeinfo:0,pageno=0,class:MsgExpress.LoginResponse
2018-03-21 14:52:22,881 [0x000005cc] WARN   - id=9,Login success,time offset=202039 ms,deviation=899 ms,appServer address:G2S0A292
2018-03-21 14:52:22,890 [0x000005cc] INFO   - id=9,OnEvent:1
2018-03-21 14:52:22,895 [0x000005cc] INFO   - id=9,Thread #2992 has been created to send heart beat
2018-03-21 14:52:22,895 [0x00000bb0] INFO   - id=9,Start heartbeat
2018-03-21 14:52:22,912 [0x0000064c] INFO   - Receive heartbeat.
2018-03-21 14:52:22,912 [0x00000f0c] INFO   - id=9,Server time compared with broker time,offset=201592 ms,deviation=6 ms
2018-03-21 14:52:55,336 [0x00001f6c] INFO   - xml path: ./config/Command.xml
2018-03-21 14:52:55,348 [0x00001f6c] INFO   - xml path: ./config/clientcfg.xml
2018-03-21 14:52:55,354 [0x00001f6c] INFO   - Parse xml file,ip=47.100.7.224,port=55555
2018-03-21 14:52:55,358 [0x00001f6c] INFO   - Xml file has been loaded, Command.xml
2018-03-21 14:52:55,361 [0x00001f6c] INFO   - id=20,Initailize,libVersion=20171206
2018-03-21 14:52:55,364 [0x00001f6c] INFO   - id=20,client connect to Data Bus Server(47.100.7.224:55555)
2018-03-21 14:52:55,377 [0x00001f6c] INFO   - id=20,connect Server,IP: 47.100.7.224,Port: 55555
2018-03-21 14:52:55,851 [0x00001f6c] INFO   - id=20,error = 0
2018-03-21 14:52:55,862 [0x00001f6c] INFO   - set send buf size :1000000,fd=604
2018-03-21 14:52:55,872 [0x00001f6c] INFO   - set recv buf size :1000000 , fd=604
2018-03-21 14:52:55,881 [0x00001f6c] INFO   - id=20,client connect to Data Bus Server success
2018-03-21 14:52:55,891 [0x00001f6c] INFO   - id=20,Sequence queue: 0X75b858,none sequence queue:0X765580
2018-03-21 14:52:55,901 [0x00001f6c] INFO   - id=20,Thread #8076 has been created to read socket
2018-03-21 14:52:55,908 [0x00001f6c] INFO   - id=20,Thread #3472 has been created to send message
2018-03-21 14:52:55,916 [0x00001f6c] INFO   - id=20,Thread #4100 has been created to timeout message
2018-03-21 14:52:55,924 [0x00001f6c] INFO   - id=20,Thread #7712 has been created to process message
2018-03-21 14:52:55,924 [0x00001e20] INFO   - id=20,Thread 7712 for sequence message handle
2018-03-21 14:52:55,930 [0x00001f6c] INFO   - id=20,Thread #3368 has been created to process message
2018-03-21 14:52:55,931 [0x00000d28] INFO   - id=20,Thread 3368,queue:0X765580
2018-03-21 14:52:55,933 [0x00001e20] INFO   - id=20,Thread 7712,queue:0X75b858
2018-03-21 14:52:55,941 [0x00001f6c] INFO   - id=20,Thread #2032 has been created to process message
2018-03-21 14:52:55,941 [0x000007f0] INFO   - id=20,Thread 2032,queue:0X765580
2018-03-21 14:52:55,955 [0x00001f6c] INFO   - id=20,Thread #1848 has been created to process message
2018-03-21 14:52:55,955 [0x00000738] INFO   - id=20,Thread 1848,queue:0X765580
2018-03-21 14:52:55,962 [0x00001f6c] INFO   - id=20,AppServer appname:HelloServer
2018-03-21 14:52:55,983 [0x00001f6c] INFO   - id=20,AppServer reg:type: 1 name: "HelloServer" group: 1 uuid: "HelloServer" auth: "test" starttime: 1521615175 serviceid: 320 ip: "00000000000000000000000"
2018-03-21 14:52:55,996 [0x00000d28] ERROR  - Failed to get Class name for command:101
2018-03-21 14:52:56,000 [0x00000d28] ERROR  - Parse message failed,package:Publish-serial:0,type:3,cmd:0x65,app:0,funcIdx:101,bodysize:11,src:G2S0A0,dst:G0S0A0,code:0,options:80,seq:0,codeinfo:0
2018-03-21 14:52:56,887 [0x00001f6c] WARN   - id=20,Send message cost too many time(896 ms):Response-serial:1,type:2,cmd:0x3,app:0,funcIdx:3,bodysize:11,src:G2S0A0,dst:G2S0A293,code:0,options:0,seq:0,codeinfo:0,pageno=0,class:MsgExpress.LoginResponse
2018-03-21 14:52:56,897 [0x00001f6c] WARN   - id=20,Login success,time offset=202041 ms,deviation=906 ms,appServer address:G2S0A293
2018-03-21 14:52:56,901 [0x00001f6c] INFO   - id=20,OnEvent:1
2018-03-21 14:52:56,905 [0x00001f6c] INFO   - id=20,Thread #7048 has been created to send heart beat
2018-03-21 14:52:56,905 [0x00001b88] INFO   - id=20,Start heartbeat
2018-03-21 14:52:56,916 [0x00001f8c] INFO   - Receive heartbeat.
2018-03-21 14:52:56,916 [0x000007f0] INFO   - id=20,Server time compared with broker time,offset=201592 ms,deviation=5 ms
2018-03-21 14:54:23,300 [0x00000e94] INFO   - xml path: ./config/Command.xml
2018-03-21 14:54:23,320 [0x00000e94] INFO   - xml path: ./config/clientcfg.xml
2018-03-21 14:54:23,327 [0x00000e94] INFO   - Parse xml file,ip=47.100.7.224,port=55555
2018-03-21 14:54:23,332 [0x00000e94] INFO   - Xml file has been loaded, Command.xml
2018-03-21 14:54:23,336 [0x00000e94] INFO   - id=7,Initailize,libVersion=20171206
2018-03-21 14:54:23,341 [0x00000e94] INFO   - id=7,client connect to Data Bus Server(47.100.7.224:55555)
2018-03-21 14:54:23,362 [0x00000e94] INFO   - id=7,connect Server,IP: 47.100.7.224,Port: 55555
2018-03-21 14:54:23,857 [0x00000e94] INFO   - id=7,error = 0
2018-03-21 14:54:23,864 [0x00000e94] INFO   - set send buf size :1000000,fd=604
2018-03-21 14:54:23,875 [0x00000e94] INFO   - set recv buf size :1000000 , fd=604
2018-03-21 14:54:23,884 [0x00000e94] INFO   - id=7,client connect to Data Bus Server success
2018-03-21 14:54:23,894 [0x00000e94] INFO   - id=7,Sequence queue: 0Xf2b820,none sequence queue:0Xf35548
2018-03-21 14:54:23,908 [0x00000e94] INFO   - id=7,Thread #2828 has been created to read socket
2018-03-21 14:54:23,920 [0x00000e94] INFO   - id=7,Thread #7796 has been created to send message
2018-03-21 14:54:23,933 [0x00000e94] INFO   - id=7,Thread #6728 has been created to timeout message
2018-03-21 14:54:23,948 [0x00000e94] INFO   - id=7,Thread #7452 has been created to process message
2018-03-21 14:54:23,948 [0x00001d1c] INFO   - id=7,Thread 7452 for sequence message handle
2018-03-21 14:54:23,956 [0x00000e94] INFO   - id=7,Thread #8132 has been created to process message
2018-03-21 14:54:23,956 [0x00001fc4] INFO   - id=7,Thread 8132,queue:0Xf35548
2018-03-21 14:54:23,960 [0x00001d1c] INFO   - id=7,Thread 7452,queue:0Xf2b820
2018-03-21 14:54:23,966 [0x00000e94] INFO   - id=7,Thread #7608 has been created to process message
2018-03-21 14:54:23,967 [0x00001db8] INFO   - id=7,Thread 7608,queue:0Xf35548
2018-03-21 14:54:23,985 [0x00000e94] INFO   - id=7,Thread #7052 has been created to process message
2018-03-21 14:54:23,985 [0x00001b8c] INFO   - id=7,Thread 7052,queue:0Xf35548
2018-03-21 14:54:23,995 [0x00000e94] INFO   - id=7,AppServer appname:HelloServer
2018-03-21 14:54:24,020 [0x00000e94] INFO   - id=7,AppServer reg:type: 1 name: "HelloServer" group: 1 uuid: "HelloServer" auth: "test" starttime: 1521615263 serviceid: 320 ip: "00000000000000000000000"
2018-03-21 14:54:24,037 [0x00001fc4] ERROR  - Failed to get Class name for command:101
2018-03-21 14:54:24,044 [0x00001fc4] ERROR  - Parse message failed,package:Publish-serial:0,type:3,cmd:0x65,app:0,funcIdx:101,bodysize:11,src:G2S0A0,dst:G0S0A0,code:0,options:80,seq:0,codeinfo:0
2018-03-21 14:54:24,887 [0x00000e94] WARN   - id=7,Send message cost too many time(855 ms):Response-serial:1,type:2,cmd:0x3,app:0,funcIdx:3,bodysize:11,src:G2S0A0,dst:G2S0A294,code:0,options:0,seq:0,codeinfo:0,pageno=0,class:MsgExpress.LoginResponse
2018-03-21 14:54:24,902 [0x00000e94] WARN   - id=7,Login success,time offset=202022 ms,deviation=870 ms,appServer address:G2S0A294
2018-03-21 14:54:24,908 [0x00000e94] INFO   - id=7,OnEvent:1
2018-03-21 14:54:24,913 [0x00000e94] INFO   - id=7,Thread #1612 has been created to send heart beat
2018-03-21 14:54:24,916 [0x0000064c] INFO   - id=7,Start heartbeat
2018-03-21 14:54:24,931 [0x00000b0c] INFO   - Receive heartbeat.
2018-03-21 14:54:24,931 [0x00001b8c] INFO   - id=7,Server time compared with broker time,offset=201590 ms,deviation=6 ms
2018-03-21 14:54:34,931 [0x00000b0c] INFO   - Receive heartbeat.
2018-03-21 14:54:44,930 [0x00000b0c] INFO   - Receive heartbeat.
2018-03-21 14:54:54,931 [0x00000b0c] INFO   - Receive heartbeat.
2018-03-21 14:55:04,930 [0x00000b0c] INFO   - Receive heartbeat.
2018-03-21 14:55:04,931 [0x00001fc4] INFO   - id=7,Server time compared with broker time,offset=201589 ms,deviation=5 ms
2018-03-21 14:55:14,931 [0x00000b0c] INFO   - Receive heartbeat.
2018-03-21 14:55:24,930 [0x00000b0c] INFO   - Receive heartbeat.
2018-03-21 14:55:34,930 [0x00000b0c] INFO   - Receive heartbeat.
2018-03-21 14:55:34,931 [0x00001fc4] INFO   - id=7,Server time compared with broker time,offset=201588 ms,deviation=5 ms
2018-03-21 14:55:44,929 [0x00000b0c] INFO   - Receive heartbeat.
2018-03-21 14:55:44,930 [0x00001fc4] INFO   - id=7,Server time compared with broker time,offset=201587 ms,deviation=5 ms
2018-03-21 14:55:54,929 [0x00000b0c] INFO   - Receive heartbeat.
2018-03-21 14:56:04,929 [0x00000b0c] INFO   - Receive heartbeat.
2018-03-21 14:56:14,929 [0x00000b0c] INFO   - Receive heartbeat.
2018-03-21 14:56:14,930 [0x00001fc4] INFO   - id=7,Server time compared with broker time,offset=201586 ms,deviation=5 ms
2018-03-21 14:56:24,929 [0x00000b0c] INFO   - Receive heartbeat.
2018-03-21 14:56:34,929 [0x00000b0c] INFO   - Receive heartbeat.
2018-03-21 14:56:44,929 [0x00000b0c] INFO   - Receive heartbeat.
2018-03-21 14:56:44,930 [0x00001fc4] INFO   - id=7,Server time compared with broker time,offset=201585 ms,deviation=5 ms
2018-03-21 14:56:54,929 [0x00000b0c] INFO   - Receive heartbeat.
2018-03-21 14:57:04,931 [0x00000b0c] INFO   - Receive heartbeat.
2018-03-21 14:57:14,929 [0x00000b0c] INFO   - Receive heartbeat.
2018-03-21 14:57:24,929 [0x00000b0c] INFO   - Receive heartbeat.
2018-03-21 14:57:24,929 [0x00001fc4] INFO   - id=7,Server time compared with broker time,offset=201584 ms,deviation=5 ms
2018-03-21 14:57:34,930 [0x00000b0c] INFO   - Receive heartbeat.
2018-03-21 14:57:44,929 [0x00000b0c] INFO   - Receive heartbeat.
2018-03-21 14:57:54,929 [0x00000b0c] INFO   - Receive heartbeat.
2018-03-21 14:58:04,929 [0x00000b0c] INFO   - Receive heartbeat.
2018-03-21 14:58:04,929 [0x00001fc4] INFO   - id=7,Server time compared with broker time,offset=201583 ms,deviation=5 ms
2018-03-21 14:58:14,929 [0x00000b0c] INFO   - Receive heartbeat.
2018-03-21 14:58:24,929 [0x00000b0c] INFO   - Receive heartbeat.
2018-03-21 14:58:34,929 [0x00000b0c] INFO   - Receive heartbeat.
2018-03-21 14:58:34,930 [0x00001fc4] INFO   - id=7,Server time compared with broker time,offset=201582 ms,deviation=5 ms
2018-03-21 14:58:44,929 [0x00000b0c] INFO   - Receive heartbeat.
2018-03-21 14:58:54,929 [0x00000b0c] INFO   - Receive heartbeat.
2018-03-21 14:59:04,929 [0x00000b0c] INFO   - Receive heartbeat.
2018-03-21 14:59:04,930 [0x00001fc4] INFO   - id=7,Server time compared with broker time,offset=201581 ms,deviation=5 ms
2018-03-21 14:59:14,929 [0x00000b0c] INFO   - Receive heartbeat.
2018-03-21 14:59:24,929 [0x00000b0c] INFO   - Receive heartbeat.
2018-03-21 14:59:34,933 [0x00000b0c] INFO   - Receive heartbeat.
2018-03-21 14:59:44,929 [0x00000b0c] INFO   - Receive heartbeat.
2018-03-21 14:59:44,930 [0x00001db8] INFO   - id=7,Server time compared with broker time,offset=201580 ms,deviation=5 ms
2018-03-21 14:59:54,929 [0x00000b0c] INFO   - Receive heartbeat.
2018-03-21 15:00:04,941 [0x00000b0c] INFO   - Receive heartbeat.
2018-03-21 15:00:04,942 [0x00001db8] INFO   - id=7,Server time compared with broker time,offset=201592 ms,deviation=5 ms
2018-03-21 15:00:14,941 [0x00000b0c] INFO   - Receive heartbeat.
2018-03-21 15:00:24,941 [0x00000b0c] INFO   - Receive heartbeat.
2018-03-21 15:00:24,941 [0x00001db8] INFO   - id=7,Server time compared with broker time,offset=201591 ms,deviation=5 ms
2018-03-21 15:00:34,941 [0x00000b0c] INFO   - Receive heartbeat.
2018-03-21 15:00:44,941 [0x00000b0c] INFO   - Receive heartbeat.
2018-03-21 15:00:54,941 [0x00000b0c] INFO   - Receive heartbeat.
2018-03-21 15:00:54,942 [0x00001db8] INFO   - id=7,Server time compared with broker time,offset=201590 ms,deviation=5 ms
2018-03-21 15:01:04,941 [0x00000b0c] INFO   - Receive heartbeat.
2018-03-21 15:01:14,942 [0x00000b0c] INFO   - Receive heartbeat.
2018-03-21 15:01:24,945 [0x00000b0c] INFO   - Receive heartbeat.
2018-03-21 15:01:34,941 [0x00000b0c] INFO   - Receive heartbeat.
2018-03-21 15:01:34,941 [0x00001db8] INFO   - id=7,Server time compared with broker time,offset=201589 ms,deviation=5 ms
2018-03-21 15:01:44,941 [0x00000b0c] INFO   - Receive heartbeat.
2018-03-21 15:01:54,941 [0x00000b0c] INFO   - Receive heartbeat.
2018-03-21 15:02:04,941 [0x00000b0c] INFO   - Receive heartbeat.
2018-03-21 15:02:04,941 [0x00001db8] INFO   - id=7,Server time compared with broker time,offset=201588 ms,deviation=5 ms
2018-03-21 15:02:14,941 [0x00000b0c] INFO   - Receive heartbeat.
2018-03-21 15:02:24,941 [0x00000b0c] INFO   - Receive heartbeat.
2018-03-21 15:02:34,942 [0x00000b0c] INFO   - Receive heartbeat.
2018-03-21 15:02:44,941 [0x00000b0c] INFO   - Receive heartbeat.
2018-03-21 15:02:44,942 [0x00001db8] INFO   - id=7,Server time compared with broker time,offset=201587 ms,deviation=5 ms
2018-03-21 15:02:54,941 [0x00000b0c] INFO   - Receive heartbeat.
2018-03-21 15:03:04,941 [0x00000b0c] INFO   - Receive heartbeat.
2018-03-21 15:03:14,941 [0x00000b0c] INFO   - Receive heartbeat.
2018-03-21 15:03:14,942 [0x00001db8] INFO   - id=7,Server time compared with broker time,offset=201586 ms,deviation=5 ms
2018-03-21 15:03:24,942 [0x00000b0c] INFO   - Receive heartbeat.
2018-03-21 15:03:34,941 [0x00000b0c] INFO   - Receive heartbeat.
2018-03-21 15:03:44,941 [0x00000b0c] INFO   - Receive heartbeat.
2018-03-21 15:03:54,941 [0x00000b0c] INFO   - Receive heartbeat.
2018-03-21 15:03:54,941 [0x00001db8] INFO   - id=7,Server time compared with broker time,offset=201585 ms,deviation=5 ms
2018-03-21 15:04:04,942 [0x00000b0c] INFO   - Receive heartbeat.
2018-03-21 15:04:14,941 [0x00000b0c] INFO   - Receive heartbeat.
2018-03-21 15:04:24,943 [0x00000b0c] INFO   - Receive heartbeat.
2018-03-21 15:04:34,932 [0x00000b0c] INFO   - Receive heartbeat.
2018-03-21 15:04:34,933 [0x00001db8] INFO   - id=7,Server time compared with broker time,offset=201575 ms,deviation=5 ms
2018-03-21 15:04:44,932 [0x00000b0c] INFO   - Receive heartbeat.
2018-03-21 15:04:54,932 [0x00000b0c] INFO   - Receive heartbeat.
2018-03-21 15:05:04,932 [0x00000b0c] INFO   - Receive heartbeat.
2018-03-21 15:05:14,932 [0x00000b0c] INFO   - Receive heartbeat.
2018-03-21 15:05:14,933 [0x00001db8] INFO   - id=7,Server time compared with broker time,offset=201574 ms,deviation=5 ms
2018-03-21 15:05:24,952 [0x00000b0c] INFO   - Receive heartbeat.
2018-03-21 15:05:34,932 [0x00000b0c] INFO   - Receive heartbeat.
2018-03-21 15:05:34,933 [0x00001db8] INFO   - id=7,Server time compared with broker time,offset=201573 ms,deviation=5 ms
2018-03-21 15:05:44,932 [0x00000b0c] INFO   - Receive heartbeat.
2018-03-21 15:05:54,932 [0x00000b0c] INFO   - Receive heartbeat.
2018-03-21 15:06:04,932 [0x00000b0c] INFO   - Receive heartbeat.
2018-03-21 15:06:14,933 [0x00000b0c] INFO   - Receive heartbeat.
2018-03-21 15:06:24,933 [0x00000b0c] INFO   - Receive heartbeat.
2018-03-21 15:06:34,932 [0x00000b0c] INFO   - Receive heartbeat.
2018-03-21 15:06:34,933 [0x00001db8] INFO   - id=7,Server time compared with broker time,offset=201572 ms,deviation=5 ms
2018-03-21 15:06:44,945 [0x00000b0c] INFO   - Receive heartbeat.
2018-03-21 15:06:54,932 [0x00000b0c] INFO   - Receive heartbeat.
2018-03-21 15:06:54,933 [0x00001db8] INFO   - id=7,Server time compared with broker time,offset=201571 ms,deviation=5 ms
2018-03-21 15:07:04,932 [0x00000b0c] INFO   - Receive heartbeat.
2018-03-21 15:07:14,935 [0x00000b0c] INFO   - Receive heartbeat.
2018-03-21 15:07:24,932 [0x00000b0c] INFO   - Receive heartbeat.
2018-03-21 15:07:34,933 [0x00000b0c] INFO   - Receive heartbeat.
2018-03-21 15:07:44,932 [0x00000b0c] INFO   - Receive heartbeat.
2018-03-21 15:07:44,933 [0x00001db8] INFO   - id=7,Server time compared with broker time,offset=201570 ms,deviation=5 ms
2018-03-21 15:07:54,932 [0x00000b0c] INFO   - Receive heartbeat.
2018-03-21 15:08:04,932 [0x00000b0c] INFO   - Receive heartbeat.
2018-03-21 15:08:04,933 [0x00001db8] INFO   - id=7,Server time compared with broker time,offset=201569 ms,deviation=5 ms
2018-03-21 15:08:14,932 [0x00000b0c] INFO   - Receive heartbeat.
2018-03-21 15:08:24,934 [0x00000b0c] INFO   - Receive heartbeat.
2018-03-21 15:08:34,932 [0x00000b0c] INFO   - Receive heartbeat.
2018-03-21 15:08:44,934 [0x00000b0c] INFO   - Receive heartbeat.
2018-03-21 15:08:44,935 [0x00001db8] INFO   - id=7,Server time compared with broker time,offset=201570 ms,deviation=5 ms
2018-03-21 15:08:54,935 [0x00000b0c] INFO   - Receive heartbeat.
2018-03-21 15:08:54,936 [0x00001db8] INFO   - id=7,Server time compared with broker time,offset=201571 ms,deviation=5 ms
2018-03-21 15:09:04,936 [0x00000b0c] INFO   - Receive heartbeat.
2018-03-21 15:09:14,935 [0x00000b0c] INFO   - Receive heartbeat.
2018-03-21 15:09:24,935 [0x00000b0c] INFO   - Receive heartbeat.
2018-03-21 15:09:24,935 [0x00001db8] INFO   - id=7,Server time compared with broker time,offset=201570 ms,deviation=5 ms
2018-03-21 15:09:34,935 [0x00000b0c] INFO   - Receive heartbeat.
2018-03-21 15:09:44,935 [0x00000b0c] INFO   - Receive heartbeat.
2018-03-21 15:09:54,936 [0x00000b0c] INFO   - Receive heartbeat.
2018-03-21 15:10:04,935 [0x00000b0c] INFO   - Receive heartbeat.
2018-03-21 15:10:04,936 [0x00001db8] INFO   - id=7,Server time compared with broker time,offset=201569 ms,deviation=5 ms
2018-03-21 15:10:14,935 [0x00000b0c] INFO   - Receive heartbeat.
2018-03-21 15:10:24,935 [0x00000b0c] INFO   - Receive heartbeat.
2018-03-21 15:10:34,935 [0x00000b0c] INFO   - Receive heartbeat.
2018-03-21 15:10:34,935 [0x00001db8] INFO   - id=7,Server time compared with broker time,offset=201568 ms,deviation=5 ms
2018-03-21 15:10:44,935 [0x00000b0c] INFO   - Receive heartbeat.
2018-03-21 15:10:54,935 [0x00000b0c] INFO   - Receive heartbeat.
2018-03-21 15:11:04,936 [0x00000b0c] INFO   - Receive heartbeat.
2018-03-21 15:11:14,935 [0x00000b0c] INFO   - Receive heartbeat.
2018-03-21 15:11:14,935 [0x00001db8] INFO   - id=7,Server time compared with broker time,offset=201566 ms,deviation=5 ms
2018-03-21 15:11:24,935 [0x00000b0c] INFO   - Receive heartbeat.
2018-03-21 15:11:34,935 [0x00000b0c] INFO   - Receive heartbeat.
2018-03-21 15:11:44,935 [0x00000b0c] INFO   - Receive heartbeat.
2018-03-21 15:11:54,935 [0x00000b0c] INFO   - Receive heartbeat.
2018-03-21 15:12:04,935 [0x00000b0c] INFO   - Receive heartbeat.
2018-03-21 15:12:14,935 [0x00000b0c] INFO   - Receive heartbeat.
2018-03-21 15:12:14,935 [0x00001db8] INFO   - id=7,Server time compared with broker time,offset=201565 ms,deviation=5 ms
2018-03-21 15:12:24,936 [0x00000b0c] INFO   - Receive heartbeat.
2018-03-21 15:12:34,935 [0x00000b0c] INFO   - Receive heartbeat.
2018-03-21 15:12:44,934 [0x00000b0c] INFO   - Receive heartbeat.
2018-03-21 15:12:44,934 [0x00001db8] INFO   - id=7,Server time compared with broker time,offset=201564 ms,deviation=5 ms
2018-03-21 15:12:54,934 [0x00000b0c] INFO   - Receive heartbeat.
2018-03-21 15:12:54,934 [0x00001db8] INFO   - id=7,Server time compared with broker time,offset=201563 ms,deviation=5 ms
2018-03-21 15:13:04,934 [0x00000b0c] INFO   - Receive heartbeat.
2018-03-21 15:13:14,934 [0x00000b0c] INFO   - Receive heartbeat.
2018-03-21 15:13:24,934 [0x00000b0c] INFO   - Receive heartbeat.
2018-03-21 15:13:24,935 [0x00001db8] INFO   - id=7,Server time compared with broker time,offset=201562 ms,deviation=5 ms
2018-03-21 15:13:34,934 [0x00000b0c] INFO   - Receive heartbeat.
2018-03-21 15:13:44,934 [0x00000b0c] INFO   - Receive heartbeat.
2018-03-21 15:13:54,935 [0x00000b0c] INFO   - Receive heartbeat.
2018-03-21 15:14:04,934 [0x00000b0c] INFO   - Receive heartbeat.
2018-03-21 15:14:04,935 [0x00001db8] INFO   - id=7,Server time compared with broker time,offset=201561 ms,deviation=5 ms
2018-03-21 15:14:14,934 [0x00000b0c] INFO   - Receive heartbeat.
2018-03-21 15:14:24,934 [0x00000b0c] INFO   - Receive heartbeat.
2018-03-21 15:14:34,934 [0x00000b0c] INFO   - Receive heartbeat.
2018-03-21 15:14:34,935 [0x00001db8] INFO   - id=7,Server time compared with broker time,offset=201560 ms,deviation=5 ms
2018-03-21 15:14:44,934 [0x00000b0c] INFO   - Receive heartbeat.
2018-03-21 15:14:54,934 [0x00000b0c] INFO   - Receive heartbeat.
2018-03-21 15:15:04,934 [0x00000b0c] INFO   - Receive heartbeat.
2018-03-21 15:15:04,935 [0x00001db8] INFO   - id=7,Server time compared with broker time,offset=201559 ms,deviation=5 ms
2018-03-21 15:15:14,934 [0x00000b0c] INFO   - Receive heartbeat.
2018-03-21 15:15:24,934 [0x00000b0c] INFO   - Receive heartbeat.
2018-03-21 15:15:34,934 [0x00000b0c] INFO   - Receive heartbeat.
2018-03-21 15:15:44,934 [0x00000b0c] INFO   - Receive heartbeat.
2018-03-21 15:15:44,935 [0x00001db8] INFO   - id=7,Server time compared with broker time,offset=201558 ms,deviation=5 ms
2018-03-21 15:15:54,934 [0x00000b0c] INFO   - Receive heartbeat.
2018-03-21 15:16:04,934 [0x00000b0c] INFO   - Receive heartbeat.
2018-03-21 15:16:14,934 [0x00000b0c] INFO   - Receive heartbeat.
2018-03-21 15:16:24,934 [0x00000b0c] INFO   - Receive heartbeat.
2018-03-21 15:16:24,934 [0x00001db8] INFO   - id=7,Server time compared with broker time,offset=201557 ms,deviation=5 ms
2018-03-21 15:16:34,934 [0x00000b0c] INFO   - Receive heartbeat.
2018-03-21 15:16:44,935 [0x00000b0c] INFO   - Receive heartbeat.
2018-03-21 15:16:54,934 [0x00000b0c] INFO   - Receive heartbeat.
2018-03-21 15:16:54,935 [0x00001db8] INFO   - id=7,Server time compared with broker time,offset=201556 ms,deviation=5 ms
2018-03-21 15:17:04,934 [0x00000b0c] INFO   - Receive heartbeat.
2018-03-21 15:17:14,934 [0x00000b0c] INFO   - Receive heartbeat.
2018-03-21 15:17:24,928 [0x00000b0c] INFO   - Receive heartbeat.
2018-03-21 15:17:24,928 [0x00001db8] INFO   - id=7,Server time compared with broker time,offset=201550 ms,deviation=5 ms
2018-03-21 15:17:34,928 [0x00000b0c] INFO   - Receive heartbeat.
2018-03-21 15:17:34,929 [0x00001db8] INFO   - id=7,Server time compared with broker time,offset=201549 ms,deviation=5 ms
2018-03-21 15:17:44,928 [0x00000b0c] INFO   - Receive heartbeat.
2018-03-21 15:17:54,929 [0x00000b0c] INFO   - Receive heartbeat.
2018-03-21 15:18:04,928 [0x00000b0c] INFO   - Receive heartbeat.
2018-03-21 15:18:04,929 [0x00001db8] INFO   - id=7,Server time compared with broker time,offset=201548 ms,deviation=5 ms
2018-03-21 15:18:14,928 [0x00000b0c] INFO   - Receive heartbeat.
2018-03-21 15:18:24,928 [0x00000b0c] INFO   - Receive heartbeat.
2018-03-21 15:18:34,944 [0x00000b0c] INFO   - Receive heartbeat.
2018-03-21 15:18:44,928 [0x00000b0c] INFO   - Receive heartbeat.
2018-03-21 15:18:44,928 [0x00001db8] INFO   - id=7,Server time compared with broker time,offset=201547 ms,deviation=5 ms
2018-03-21 15:18:54,928 [0x00000b0c] INFO   - Receive heartbeat.
2018-03-21 15:19:04,928 [0x00000b0c] INFO   - Receive heartbeat.
2018-03-21 15:19:14,928 [0x00000b0c] INFO   - Receive heartbeat.
2018-03-21 15:19:14,929 [0x00001db8] INFO   - id=7,Server time compared with broker time,offset=201546 ms,deviation=5 ms
2018-03-21 15:19:24,928 [0x00000b0c] INFO   - Receive heartbeat.
2018-03-21 15:19:34,928 [0x00000b0c] INFO   - Receive heartbeat.
2018-03-21 15:19:44,928 [0x00000b0c] INFO   - Receive heartbeat.
2018-03-21 15:19:54,928 [0x00000b0c] INFO   - Receive heartbeat.
2018-03-21 15:20:04,930 [0x00000b0c] INFO   - Receive heartbeat.
2018-03-21 15:20:14,929 [0x00000b0c] INFO   - Receive heartbeat.
2018-03-21 15:20:14,930 [0x00001db8] INFO   - id=7,Server time compared with broker time,offset=201544 ms,deviation=4 ms
2018-03-21 15:20:24,930 [0x00000b0c] INFO   - Receive heartbeat.
2018-03-21 15:20:34,930 [0x00000b0c] INFO   - Receive heartbeat.
2018-03-21 15:20:44,930 [0x00000b0c] INFO   - Receive heartbeat.
2018-03-21 15:20:54,930 [0x00000b0c] INFO   - Receive heartbeat.
2018-03-21 15:21:27,554 [0x00001c88] INFO   - xml path: ./config/Command.xml
2018-03-21 15:21:27,574 [0x00001c88] INFO   - xml path: ./config/clientcfg.xml
2018-03-21 15:21:27,580 [0x00001c88] INFO   - Parse xml file,ip=47.100.7.224,port=55555
2018-03-21 15:21:27,586 [0x00001c88] INFO   - Xml file has been loaded, Command.xml
2018-03-21 15:21:27,593 [0x00001c88] INFO   - id=11,Initailize,libVersion=20171206
2018-03-21 15:21:27,597 [0x00001c88] INFO   - id=11,client connect to Data Bus Server(47.100.7.224:55555)
2018-03-21 15:21:27,609 [0x00001c88] INFO   - id=11,connect Server,IP: 47.100.7.224,Port: 55555
2018-03-21 15:21:27,817 [0x00001c88] INFO   - id=11,error = 0
2018-03-21 15:21:27,825 [0x00001c88] INFO   - set send buf size :1000000,fd=604
2018-03-21 15:21:27,835 [0x00001c88] INFO   - set recv buf size :1000000 , fd=604
2018-03-21 15:21:27,848 [0x00001c88] INFO   - id=11,client connect to Data Bus Server success
2018-03-21 15:21:27,854 [0x00001c88] INFO   - id=11,Sequence queue: 0X6eb8a8,none sequence queue:0X6f55d0
2018-03-21 15:21:27,867 [0x00001c88] INFO   - id=11,Thread #7548 has been created to read socket
2018-03-21 15:21:27,875 [0x00001c88] INFO   - id=11,Thread #7068 has been created to send message
2018-03-21 15:21:27,880 [0x00001c88] INFO   - id=11,Thread #1636 has been created to timeout message
2018-03-21 15:21:27,886 [0x00001c88] INFO   - id=11,Thread #7612 has been created to process message
2018-03-21 15:21:27,886 [0x00001dbc] INFO   - id=11,Thread 7612 for sequence message handle
2018-03-21 15:21:27,892 [0x00001c88] INFO   - id=11,Thread #6772 has been created to process message
2018-03-21 15:21:27,892 [0x00001a74] INFO   - id=11,Thread 6772,queue:0X6f55d0
2018-03-21 15:21:27,901 [0x00001c88] INFO   - id=11,Thread #2704 has been created to process message
2018-03-21 15:21:27,896 [0x00001dbc] INFO   - id=11,Thread 7612,queue:0X6eb8a8
2018-03-21 15:21:27,901 [0x00000a90] INFO   - id=11,Thread 2704,queue:0X6f55d0
2018-03-21 15:21:27,909 [0x00001c88] INFO   - id=11,Thread #4512 has been created to process message
2018-03-21 15:21:27,909 [0x000011a0] INFO   - id=11,Thread 4512,queue:0X6f55d0
2018-03-21 15:21:27,920 [0x00001c88] INFO   - id=11,AppServer appname:HelloServer
2018-03-21 15:21:27,942 [0x00001c88] INFO   - id=11,AppServer reg:type: 1 name: "HelloServer" group: 1 uuid: "HelloServer" auth: "test" starttime: 1521616887 serviceid: 320 ip: "00000000000000000000000"
2018-03-21 15:21:27,957 [0x00001a74] ERROR  - Failed to get Class name for command:101
2018-03-21 15:21:27,961 [0x00001a74] ERROR  - Parse message failed,package:Publish-serial:0,type:3,cmd:0x65,app:0,funcIdx:101,bodysize:11,src:G2S0A0,dst:G0S0A0,code:0,options:80,seq:0,codeinfo:0
2018-03-21 15:21:28,836 [0x00001c88] WARN   - id=11,Send message cost too many time(884 ms):Response-serial:1,type:2,cmd:0x3,app:0,funcIdx:3,bodysize:11,src:G2S0A0,dst:G2S0A296,code:0,options:0,seq:0,codeinfo:0,pageno=0,class:MsgExpress.LoginResponse
2018-03-21 15:21:28,852 [0x00001c88] WARN   - id=11,Login success,time offset=201996 ms,deviation=901 ms,appServer address:G2S0A296
2018-03-21 15:21:28,859 [0x00001c88] INFO   - id=11,OnEvent:1
2018-03-21 15:21:28,863 [0x00001c88] INFO   - id=11,Thread #6632 has been created to send heart beat
2018-03-21 15:21:28,864 [0x000019e8] INFO   - id=11,Start heartbeat
2018-03-21 15:21:28,875 [0x00001d7c] INFO   - Receive heartbeat.
2018-03-21 15:21:28,875 [0x00000a90] INFO   - id=11,Server time compared with broker time,offset=201549 ms,deviation=5 ms
2018-03-21 15:23:49,927 [0x00000864] INFO   - xml path: ./config/Command.xml
2018-03-21 15:23:49,945 [0x00000864] INFO   - xml path: ./config/clientcfg.xml
2018-03-21 15:23:49,949 [0x00000864] INFO   - Parse xml file,ip=47.100.7.224,port=55555
2018-03-21 15:23:49,952 [0x00000864] INFO   - Xml file has been loaded, Command.xml
2018-03-21 15:23:49,955 [0x00000864] INFO   - id=74,Initailize,libVersion=20171206
2018-03-21 15:23:49,958 [0x00000864] INFO   - id=74,client connect to Data Bus Server(47.100.7.224:55555)
2018-03-21 15:23:49,970 [0x00000864] INFO   - id=74,connect Server,IP: 47.100.7.224,Port: 55555
2018-03-21 15:23:50,795 [0x00000864] INFO   - id=74,error = 0
2018-03-21 15:23:50,799 [0x00000864] INFO   - set send buf size :1000000,fd=604
2018-03-21 15:23:50,803 [0x00000864] INFO   - set recv buf size :1000000 , fd=604
2018-03-21 15:23:50,807 [0x00000864] INFO   - id=74,client connect to Data Bus Server success
2018-03-21 15:23:50,812 [0x00000864] INFO   - id=74,Sequence queue: 0X52b7b0,none sequence queue:0X5354d8
2018-03-21 15:23:50,818 [0x00000864] INFO   - id=74,Thread #7524 has been created to read socket
2018-03-21 15:23:50,824 [0x00000864] INFO   - id=74,Thread #7612 has been created to send message
2018-03-21 15:23:50,830 [0x00000864] INFO   - id=74,Thread #2164 has been created to timeout message
2018-03-21 15:23:50,837 [0x00000864] INFO   - id=74,Thread #6176 has been created to process message
2018-03-21 15:23:50,837 [0x00001820] INFO   - id=74,Thread 6176 for sequence message handle
2018-03-21 15:23:50,848 [0x00000864] INFO   - id=74,Thread #7068 has been created to process message
2018-03-21 15:23:50,848 [0x00001b9c] INFO   - id=74,Thread 7068,queue:0X5354d8
2018-03-21 15:23:50,854 [0x00001820] INFO   - id=74,Thread 6176,queue:0X52b7b0
2018-03-21 15:23:50,860 [0x00000864] INFO   - id=74,Thread #6988 has been created to process message
2018-03-21 15:23:50,860 [0x00001b4c] INFO   - id=74,Thread 6988,queue:0X5354d8
2018-03-21 15:23:50,871 [0x00000864] INFO   - id=74,Thread #7908 has been created to process message
2018-03-21 15:23:50,871 [0x00001ee4] INFO   - id=74,Thread 7908,queue:0X5354d8
2018-03-21 15:23:50,877 [0x00000864] INFO   - id=74,AppServer appname:HelloServer
2018-03-21 15:23:50,899 [0x00000864] INFO   - id=74,AppServer reg:type: 1 name: "HelloServer" group: 1 uuid: "HelloServer" auth: "test" starttime: 1521617029 serviceid: 320 ip: "00000000000000000000000"
2018-03-21 15:23:50,915 [0x00001b9c] ERROR  - Failed to get Class name for command:101
2018-03-21 15:23:50,919 [0x00001b9c] ERROR  - Parse message failed,package:Publish-serial:0,type:3,cmd:0x65,app:0,funcIdx:101,bodysize:11,src:G2S0A0,dst:G0S0A0,code:0,options:80,seq:0,codeinfo:0
2018-03-21 15:23:51,843 [0x00000864] WARN   - id=74,Send message cost too many time(934 ms):Response-serial:1,type:2,cmd:0x3,app:0,funcIdx:3,bodysize:11,src:G2S0A0,dst:G2S0A297,code:0,options:0,seq:0,codeinfo:0,pageno=0,class:MsgExpress.LoginResponse
2018-03-21 15:23:51,857 [0x00000864] WARN   - id=74,Login success,time offset=202015 ms,deviation=950 ms,appServer address:G2S0A297
2018-03-21 15:23:51,863 [0x00000864] INFO   - id=74,OnEvent:1
2018-03-21 15:23:51,867 [0x00000864] INFO   - id=74,Thread #1156 has been created to send heart beat
2018-03-21 15:23:51,867 [0x00000484] INFO   - id=74,Start heartbeat
2018-03-21 15:23:51,882 [0x00001d64] INFO   - Receive heartbeat.
2018-03-21 15:23:51,882 [0x00001ee4] INFO   - id=74,Server time compared with broker time,offset=201545 ms,deviation=5 ms
2018-03-21 15:24:01,882 [0x00001d64] INFO   - Receive heartbeat.
2018-03-21 15:24:11,882 [0x00001d64] INFO   - Receive heartbeat.
2018-03-21 15:24:11,882 [0x00001b9c] INFO   - id=74,Server time compared with broker time,offset=201544 ms,deviation=5 ms
2018-03-21 15:24:21,882 [0x00001d64] INFO   - Receive heartbeat.
2018-03-21 15:24:31,882 [0x00001d64] INFO   - Receive heartbeat.
2018-03-21 15:24:41,883 [0x00001d64] INFO   - Receive heartbeat.
2018-03-21 15:24:51,882 [0x00001d64] INFO   - Receive heartbeat.
2018-03-21 15:25:01,882 [0x00001d64] INFO   - Receive heartbeat.
2018-03-21 15:25:01,882 [0x00001ee4] INFO   - id=74,Server time compared with broker time,offset=201543 ms,deviation=5 ms
2018-03-21 15:26:40,117 [0x00000714] INFO   - xml path: ./config/Command.xml
2018-03-21 15:26:40,126 [0x00000714] INFO   - xml path: ./config/clientcfg.xml
2018-03-21 15:26:40,130 [0x00000714] INFO   - Parse xml file,ip=47.100.7.224,port=55555
2018-03-21 15:26:40,134 [0x00000714] INFO   - Xml file has been loaded, Command.xml
2018-03-21 15:26:40,138 [0x00000714] INFO   - id=33,Initailize,libVersion=20171206
2018-03-21 15:26:40,141 [0x00000714] INFO   - id=33,client connect to Data Bus Server(47.100.7.224:55555)
2018-03-21 15:26:40,174 [0x00000714] INFO   - id=33,connect Server,IP: 47.100.7.224,Port: 55555
2018-03-21 15:26:40,790 [0x00000714] INFO   - id=33,error = 0
2018-03-21 15:26:40,793 [0x00000714] INFO   - set send buf size :1000000,fd=604
2018-03-21 15:26:40,796 [0x00000714] INFO   - set recv buf size :1000000 , fd=604
2018-03-21 15:26:40,800 [0x00000714] INFO   - id=33,client connect to Data Bus Server success
2018-03-21 15:26:40,804 [0x00000714] INFO   - id=33,Sequence queue: 0X4bb800,none sequence queue:0X4c5528
2018-03-21 15:26:40,809 [0x00000714] INFO   - id=33,Thread #6576 has been created to read socket
2018-03-21 15:26:40,814 [0x00000714] INFO   - id=33,Thread #6640 has been created to send message
2018-03-21 15:26:40,819 [0x00000714] INFO   - id=33,Thread #1484 has been created to timeout message
2018-03-21 15:26:40,826 [0x00000714] INFO   - id=33,Thread #4376 has been created to process message
2018-03-21 15:26:40,826 [0x00001118] INFO   - id=33,Thread 4376 for sequence message handle
2018-03-21 15:26:40,834 [0x00000714] INFO   - id=33,Thread #7896 has been created to process message
2018-03-21 15:26:40,834 [0x00001ed8] INFO   - id=33,Thread 7896,queue:0X4c5528
2018-03-21 15:26:40,837 [0x00001118] INFO   - id=33,Thread 4376,queue:0X4bb800
2018-03-21 15:26:40,843 [0x00000714] INFO   - id=33,Thread #2644 has been created to process message
2018-03-21 15:26:40,843 [0x00000a54] INFO   - id=33,Thread 2644,queue:0X4c5528
2018-03-21 15:26:40,856 [0x00000714] INFO   - id=33,Thread #2540 has been created to process message
2018-03-21 15:26:40,863 [0x00000714] INFO   - id=33,AppServer appname:HelloServer
2018-03-21 15:26:40,857 [0x000009ec] INFO   - id=33,Thread 2540,queue:0X4c5528
2018-03-21 15:26:40,883 [0x00000714] INFO   - id=33,AppServer reg:type: 1 name: "HelloServer" group: 1 uuid: "HelloServer" auth: "test" starttime: 1521617200 serviceid: 320 ip: "00000000000000000000000"
2018-03-21 15:26:41,791 [0x00001ed8] ERROR  - Failed to get Class name for command:101
2018-03-21 15:26:41,796 [0x00001ed8] ERROR  - Parse message failed,package:Publish-serial:0,type:3,cmd:0x65,app:0,funcIdx:101,bodysize:11,src:G2S0A0,dst:G0S0A0,code:0,options:80,seq:0,codeinfo:0
2018-03-21 15:26:42,808 [0x00000714] WARN   - id=33,Send message cost too many time(1916 ms):Response-serial:1,type:2,cmd:0x3,app:0,funcIdx:3,bodysize:11,src:G2S0A0,dst:G2S0A299,code:0,options:0,seq:0,codeinfo:0,pageno=0,class:MsgExpress.LoginResponse
2018-03-21 15:26:42,822 [0x00000714] WARN   - id=33,Login success,time offset=201608 ms,deviation=1930 ms,appServer address:G2S0A299
2018-03-21 15:26:42,827 [0x00000714] INFO   - id=33,OnEvent:1
2018-03-21 15:26:42,844 [0x00000714] INFO   - id=33,Thread #7328 has been created to send heart beat
2018-03-21 15:26:42,844 [0x00001ca0] INFO   - id=33,Start heartbeat
2018-03-21 15:26:42,857 [0x000019b0] INFO   - Receive heartbeat.
2018-03-21 15:26:42,857 [0x000009ec] INFO   - id=33,Server time compared with broker time,offset=201539 ms,deviation=6 ms
2018-03-21 15:26:52,857 [0x000019b0] INFO   - Receive heartbeat.
2018-03-21 15:27:02,856 [0x000019b0] INFO   - Receive heartbeat.
2018-03-21 15:27:02,856 [0x00001ed8] INFO   - id=33,Server time compared with broker time,offset=201540 ms,deviation=5 ms
2018-03-21 15:27:12,856 [0x000019b0] INFO   - Receive heartbeat.
