2018-03-30 11:39:46,799 [0x00000f08] INFO   - xml path: ./config/Command.xml
2018-03-30 11:39:46,804 [0x00000f08] INFO   - xml path: ./config/clientcfg.xml
2018-03-30 11:39:46,807 [0x00000f08] INFO   - Parse xml file,ip=172.16.66.87,port=1111
2018-03-30 11:39:46,810 [0x00000f08] INFO   - Xml file has been loaded, Command.xml
2018-03-30 11:39:46,813 [0x00000f08] INFO   - id=22,Initailize,libVersion=20180118
2018-03-30 11:39:46,817 [0x00000f08] INFO   - id=22,client connect to Data Bus Server(172.16.66.87:1111)
2018-03-30 11:39:46,824 [0x00000f08] INFO   - id=22,connect Server,IP: 172.16.66.87,Port: 1111
2018-03-30 11:39:46,844 [0x00000f08] INFO   - id=22,error = 0
2018-03-30 11:39:46,847 [0x00000f08] INFO   - set send buf size :1000000,fd=580
2018-03-30 11:39:46,850 [0x00000f08] INFO   - set recv buf size :1000000 , fd=580
2018-03-30 11:39:46,852 [0x00000f08] INFO   - id=22,client connect to Data Bus Server success
2018-03-30 11:39:46,856 [0x00000f08] INFO   - id=22,Sequence queue: 0X57ebd8,none sequence queue:0X57ec18
2018-03-30 11:39:46,860 [0x00000f08] INFO   - id=22,Thread #5376 has been created to read socket
2018-03-30 11:39:46,863 [0x00000f08] INFO   - id=22,Thread #5816 has been created to send message
2018-03-30 11:39:46,866 [0x00000f08] INFO   - id=22,Thread #5152 has been created to timeout message
2018-03-30 11:39:46,870 [0x00000f08] INFO   - id=22,Thread #3404 has been created to process message
2018-03-30 11:39:46,870 [0x00000d4c] INFO   - id=22,Thread 3404 for sequence message handle
2018-03-30 11:39:46,878 [0x00000d4c] INFO   - id=22,Thread 3404,queue:0X57ebd8
2018-03-30 11:39:46,874 [0x000018e4] INFO   - id=22,Thread 6372,queue:0X57ec18
2018-03-30 11:39:46,874 [0x00000f08] INFO   - id=22,Thread #6372 has been created to process message
2018-03-30 11:39:46,892 [0x00000f08] INFO   - id=22,Thread #6120 has been created to process message
2018-03-30 11:39:46,892 [0x000017e8] INFO   - id=22,Thread 6120,queue:0X57ec18
2018-03-30 11:39:46,898 [0x00000f08] INFO   - id=22,Thread #5752 has been created to process message
2018-03-30 11:39:46,898 [0x00001678] INFO   - id=22,Thread 5752,queue:0X57ec18
2018-03-30 11:39:46,907 [0x00000f08] INFO   - id=22,AppServer appname:HelloServer
2018-03-30 11:39:46,915 [0x00000f08] INFO   - id=22,AppServer reg:type: 1 name: "HelloServer" group: 1 uuid: "HelloServer" auth: "test" starttime: 1522381186 serviceid: 320 ip: "0.0.0.0" masterslave: -1
2018-03-30 11:39:46,922 [0x000016b8] DEBUG  - id=22,Msg   posted:Request-serial:1,type:1,cmd:0x3,app:0,funcIdx:3,bodysize:65,src:G0S0A0,dst:G0S0A0,code:0,options:0,seq:0,codeinfo:0
2018-03-30 11:39:46,924 [0x00001500] DEBUG  - Decode a none sequence msg:Publish-serial:0,type:3,cmd:0x65,app:0,funcIdx:101,bodysize:11,src:G1S0A0,dst:G0S0A0,code:0,options:80,seq:0,codeinfo:0
2018-03-30 11:39:46,938 [0x000018e4] DEBUG  - id=22,process msg: Publish-serial:0,type:3,cmd:0x65,app:0,funcIdx:101,bodysize:11,src:G1S0A0,dst:G0S0A0,code:0,options:80,seq:0,codeinfo:0
2018-03-30 11:39:46,944 [0x000018e4] ERROR  - Failed to get Class name for command:101
2018-03-30 11:39:46,948 [0x000018e4] ERROR  - Parse message failed,package:Publish-serial:0,type:3,cmd:0x65,app:0,funcIdx:101,bodysize:11,src:G1S0A0,dst:G0S0A0,code:0,options:80,seq:0,codeinfo:0
2018-03-30 11:39:47,122 [0x00001500] DEBUG  - Decode a none sequence msg:Response-serial:1,type:2,cmd:0x3,app:0,funcIdx:3,bodysize:11,src:G1S0A0,dst:G1S0A2145,code:0,options:0,seq:0,codeinfo:0,pageno=0,class:MsgExpress.LoginResponse
2018-03-30 11:39:47,133 [0x000017e8] DEBUG  - id=22,process msg: Response-serial:1,type:2,cmd:0x3,app:0,funcIdx:3,bodysize:11,src:G1S0A0,dst:G1S0A2145,code:0,options:0,seq:0,codeinfo:0,pageno=0,class:MsgExpress.LoginResponse
2018-03-30 11:39:47,144 [0x00000f08] WARN   - id=22,Send message cost too many time(222 ms):Response-serial:1,type:2,cmd:0x3,app:0,funcIdx:3,bodysize:11,src:G1S0A0,dst:G1S0A2145,code:0,options:0,seq:0,codeinfo:0,pageno=0,class:MsgExpress.LoginResponse
2018-03-30 11:39:47,160 [0x00000f08] WARN   - id=22,Login success,time offset=387816 ms,deviation=238 ms,appServer address:G1S0A2145
2018-03-30 11:39:47,166 [0x00000f08] INFO   - id=22,OnEvent:1
2018-03-30 11:39:47,168 [0x00000f08] INFO   - id=22,addr=G1S0A2145,no need to subscribe
2018-03-30 11:39:47,172 [0x00000f08] INFO   - id=22,Thread #5856 has been created to send heart beat
2018-03-30 11:39:47,172 [0x000016e0] INFO   - id=22,Start heartbeat
2018-03-30 11:39:47,181 [0x000016e0] DEBUG  - id=22,send heart beat,info:cpu: 0 topmemory: 11752 memory: 11752 sendqueue: 0 receivequeue: 0 servertime: 1522381187181
2018-03-30 11:39:47,189 [0x000016b8] DEBUG  - id=22,Msg   posted:Request-serial:65536,type:1,cmd:0x5,app:0,funcIdx:5,bodysize:19,src:G1S0A2145,dst:G0S0A0,code:0,options:0,seq:0,codeinfo:0
2018-03-30 11:39:47,190 [0x00001500] INFO   - Receive heartbeat.
2018-03-30 11:39:47,190 [0x00001678] DEBUG  - id=22,process msg: Response-serial:65536,type:2,cmd:0x5,app:0,funcIdx:5,bodysize:16,src:G1S0A0,dst:G1S0A2145,code:0,options:0,seq:0,codeinfo:0,pageno=0,class:MsgExpress.HeartBeatResponse
2018-03-30 11:39:47,210 [0x00001678] INFO   - id=22,Server time compared with broker time,offset=387705 ms,deviation=29 ms
